[debug] [2025-08-22T22:52:16.507Z] ----------------------------------------------------------------------
[debug] [2025-08-22T22:52:16.509Z] Command:       C:\Program Files\nodejs\node.exe C:\Users\neilc\AppData\Roaming\npm\node_modules\firebase-tools\lib\bin\firebase.js deploy --only functions
[debug] [2025-08-22T22:52:16.510Z] CLI Version:   14.12.1
[debug] [2025-08-22T22:52:16.510Z] Platform:      win32
[debug] [2025-08-22T22:52:16.510Z] Node Version:  v20.18.0
[debug] [2025-08-22T22:52:16.510Z] Time:          Sat Aug 23 2025 00:52:16 GMT+0200 (Central European Summer Time)
[debug] [2025-08-22T22:52:16.510Z] ----------------------------------------------------------------------
[debug] 
[debug] [2025-08-22T22:52:16.511Z] >>> [apiv2][query] GET https://firebase-public.firebaseio.com/cli.json [none]
[debug] [2025-08-22T22:52:16.664Z] > command requires scopes: ["email","openid","https://www.googleapis.com/auth/cloudplatformprojects.readonly","https://www.googleapis.com/auth/firebase","https://www.googleapis.com/auth/cloud-platform"]
[debug] [2025-08-22T22:52:16.664Z] > authorizing via signed-in user (appstaywell@gmail.com)
[debug] [2025-08-22T22:52:16.664Z] [iam] checking project staywellapp-49b62 for permissions ["cloudfunctions.functions.create","cloudfunctions.functions.delete","cloudfunctions.functions.get","cloudfunctions.functions.list","cloudfunctions.functions.update","cloudfunctions.operations.get","firebase.projects.get"]
[debug] [2025-08-22T22:52:16.664Z] Checked if tokens are valid: false, expires at: 1755553459892
[debug] [2025-08-22T22:52:16.665Z] Checked if tokens are valid: false, expires at: 1755553459892
[debug] [2025-08-22T22:52:16.665Z] > refreshing access token with scopes: []
[debug] [2025-08-22T22:52:16.665Z] >>> [apiv2][query] POST https://www.googleapis.com/oauth2/v3/token [none]
[debug] [2025-08-22T22:52:16.666Z] >>> [apiv2][body] POST https://www.googleapis.com/oauth2/v3/token [omitted]
[debug] [2025-08-22T22:52:16.774Z] <<< [apiv2][status] POST https://www.googleapis.com/oauth2/v3/token 200
[debug] [2025-08-22T22:52:16.774Z] <<< [apiv2][body] POST https://www.googleapis.com/oauth2/v3/token [omitted]
[debug] [2025-08-22T22:52:16.785Z] >>> [apiv2][query] POST https://cloudresourcemanager.googleapis.com/v1/projects/staywellapp-49b62:testIamPermissions [none]
[debug] [2025-08-22T22:52:16.785Z] >>> [apiv2][(partial)header] POST https://cloudresourcemanager.googleapis.com/v1/projects/staywellapp-49b62:testIamPermissions x-goog-quota-user=projects/staywellapp-49b62
[debug] [2025-08-22T22:52:16.786Z] >>> [apiv2][body] POST https://cloudresourcemanager.googleapis.com/v1/projects/staywellapp-49b62:testIamPermissions {"permissions":["cloudfunctions.functions.create","cloudfunctions.functions.delete","cloudfunctions.functions.get","cloudfunctions.functions.list","cloudfunctions.functions.update","cloudfunctions.operations.get","firebase.projects.get"]}
[debug] [2025-08-22T22:52:16.977Z] <<< [apiv2][status] GET https://firebase-public.firebaseio.com/cli.json 200
[debug] [2025-08-22T22:52:16.977Z] <<< [apiv2][body] GET https://firebase-public.firebaseio.com/cli.json {"cloudBuildErrorAfter":1594252800000,"cloudBuildWarnAfter":1590019200000,"defaultNode10After":1594252800000,"minVersion":"3.0.5","node8DeploysDisabledAfter":1613390400000,"node8RuntimeDisabledAfter":1615809600000,"node8WarnAfter":1600128000000}
[debug] [2025-08-22T22:52:17.734Z] <<< [apiv2][status] POST https://cloudresourcemanager.googleapis.com/v1/projects/staywellapp-49b62:testIamPermissions 200
[debug] [2025-08-22T22:52:17.734Z] <<< [apiv2][body] POST https://cloudresourcemanager.googleapis.com/v1/projects/staywellapp-49b62:testIamPermissions {"permissions":["cloudfunctions.functions.create","cloudfunctions.functions.delete","cloudfunctions.functions.get","cloudfunctions.functions.list","cloudfunctions.functions.update","cloudfunctions.operations.get","firebase.projects.get"]}
[debug] [2025-08-22T22:52:17.734Z] Checked if tokens are valid: true, expires at: 1755906735774
[debug] [2025-08-22T22:52:17.734Z] Checked if tokens are valid: true, expires at: 1755906735774
[debug] [2025-08-22T22:52:17.734Z] >>> [apiv2][query] POST https://iam.googleapis.com/v1/projects/staywellapp-49b62/serviceAccounts/staywellapp-49b62@appspot.gserviceaccount.com:testIamPermissions [none]
[debug] [2025-08-22T22:52:17.734Z] >>> [apiv2][body] POST https://iam.googleapis.com/v1/projects/staywellapp-49b62/serviceAccounts/staywellapp-49b62@appspot.gserviceaccount.com:testIamPermissions {"permissions":["iam.serviceAccounts.actAs"]}
[debug] [2025-08-22T22:52:18.640Z] <<< [apiv2][status] POST https://iam.googleapis.com/v1/projects/staywellapp-49b62/serviceAccounts/staywellapp-49b62@appspot.gserviceaccount.com:testIamPermissions 200
[debug] [2025-08-22T22:52:18.640Z] <<< [apiv2][body] POST https://iam.googleapis.com/v1/projects/staywellapp-49b62/serviceAccounts/staywellapp-49b62@appspot.gserviceaccount.com:testIamPermissions {"permissions":["iam.serviceAccounts.actAs"]}
[info] 
[info] === Deploying to 'staywellapp-49b62'...
[info] 
[info] i  deploying functions 
[debug] [2025-08-22T22:52:18.642Z] Checked if tokens are valid: true, expires at: 1755906735774
[debug] [2025-08-22T22:52:18.642Z] Checked if tokens are valid: true, expires at: 1755906735774
[debug] [2025-08-22T22:52:18.642Z] >>> [apiv2][query] GET https://cloudresourcemanager.googleapis.com/v1/projects/staywellapp-49b62 [none]
[debug] [2025-08-22T22:52:18.840Z] <<< [apiv2][status] GET https://cloudresourcemanager.googleapis.com/v1/projects/staywellapp-49b62 200
[debug] [2025-08-22T22:52:18.841Z] <<< [apiv2][body] GET https://cloudresourcemanager.googleapis.com/v1/projects/staywellapp-49b62 {"projectNumber":"240146050261","projectId":"staywellapp-49b62","lifecycleState":"ACTIVE","name":"StayWellApp","labels":{"firebase":"enabled","firebase-core":"disabled"},"createTime":"2025-07-04T11:58:01.177973Z"}
[info] i  functions: preparing codebase default for deployment 
[info] i  functions: ensuring required API cloudfunctions.googleapis.com is enabled... 
[info] i  functions: ensuring required API cloudbuild.googleapis.com is enabled... 
[info] i  artifactregistry: ensuring required API artifactregistry.googleapis.com is enabled... 
[debug] [2025-08-22T22:52:18.843Z] Checked if tokens are valid: true, expires at: 1755906735774
[debug] [2025-08-22T22:52:18.843Z] Checked if tokens are valid: true, expires at: 1755906735774
[debug] [2025-08-22T22:52:18.843Z] >>> [apiv2][query] GET https://firebase.googleapis.com/v1beta1/projects/staywellapp-49b62/adminSdkConfig [none]
[debug] [2025-08-22T22:52:19.219Z] <<< [apiv2][status] GET https://firebase.googleapis.com/v1beta1/projects/staywellapp-49b62/adminSdkConfig 200
[debug] [2025-08-22T22:52:19.219Z] <<< [apiv2][body] GET https://firebase.googleapis.com/v1beta1/projects/staywellapp-49b62/adminSdkConfig {"projectId":"staywellapp-49b62","storageBucket":"staywellapp-49b62.firebasestorage.app"}
[debug] [2025-08-22T22:52:19.220Z] Checked if tokens are valid: true, expires at: 1755906735774
[debug] [2025-08-22T22:52:19.220Z] Checked if tokens are valid: true, expires at: 1755906735774
[debug] [2025-08-22T22:52:19.220Z] >>> [apiv2][query] GET https://runtimeconfig.googleapis.com/v1beta1/projects/staywellapp-49b62/configs [none]
[debug] [2025-08-22T22:52:19.612Z] <<< [apiv2][status] GET https://runtimeconfig.googleapis.com/v1beta1/projects/staywellapp-49b62/configs 200
[debug] [2025-08-22T22:52:19.612Z] <<< [apiv2][body] GET https://runtimeconfig.googleapis.com/v1beta1/projects/staywellapp-49b62/configs {}
[debug] [2025-08-22T22:52:19.613Z] Validating nodejs source
[warn] !  functions: package.json indicates an outdated version of firebase-functions. Please upgrade using npm install --save firebase-functions@latest in your functions directory. 
[warn] !  functions: Please note that there will be breaking changes when you upgrade. 
[debug] [2025-08-22T22:52:20.506Z] > [functions] package.json contents: {
  "name": "functions",
  "description": "Cloud Functions for Firebase",
  "scripts": {
    "serve": "firebase emulators:start --only functions",
    "shell": "firebase functions:shell",
    "start": "npm run shell",
    "deploy": "firebase deploy --only functions",
    "logs": "firebase functions:log"
  },
  "engines": {
    "node": "20"
  },
  "main": "index.js",
  "dependencies": {
    "busboy": "^1.6.0",
    "cors": "^2.8.5",
    "firebase-admin": "^12.1.0",
    "firebase-functions": "^5.0.1",
    "node-ical": "^0.20.1"
  },
  "private": true
}
[debug] [2025-08-22T22:52:20.506Z] Building nodejs source
[info] i  functions: Loading and analyzing source code for codebase default to determine what to deploy 
[debug] [2025-08-22T22:52:20.507Z] Could not find functions.yaml. Must use http discovery
[debug] [2025-08-22T22:52:20.513Z] Found firebase-functions binary at 'C:\Users\neilc\Desktop\StayWellApp\functions\node_modules\.bin\firebase-functions'
[info] Serving at port 8841

[debug] [2025-08-22T22:52:21.405Z] Got response from /__/functions.yaml {"endpoints":{"respondToTaskOffer":{"platform":"gcfv1","labels":{},"availableMemoryMb":null,"timeoutSeconds":null,"minInstances":null,"maxInstances":null,"ingressSettings":null,"serviceAccountEmail":null,"vpc":null,"callableTrigger":{},"entryPoint":"respondToTaskOffer"},"submitForInspection":{"platform":"gcfv1","labels":{},"availableMemoryMb":null,"timeoutSeconds":null,"minInstances":null,"maxInstances":null,"ingressSettings":null,"serviceAccountEmail":null,"vpc":null,"callableTrigger":{},"entryPoint":"submitForInspection"},"reviewTask":{"platform":"gcfv1","labels":{},"availableMemoryMb":null,"timeoutSeconds":null,"minInstances":null,"maxInstances":null,"ingressSettings":null,"serviceAccountEmail":null,"vpc":null,"callableTrigger":{},"entryPoint":"reviewTask"},"uploadProof":{"platform":"gcfv1","availableMemoryMb":null,"timeoutSeconds":null,"minInstances":null,"maxInstances":null,"ingressSettings":null,"serviceAccountEmail":null,"vpc":null,"httpsTrigger":{},"entryPoint":"uploadProof"},"onBookingReceived":{"platform":"gcfv1","availableMemoryMb":null,"timeoutSeconds":null,"minInstances":null,"maxInstances":null,"ingressSettings":null,"serviceAccountEmail":null,"vpc":null,"httpsTrigger":{},"entryPoint":"onBookingReceived"},"syncIcalFeeds":{"platform":"gcfv1","availableMemoryMb":null,"timeoutSeconds":null,"minInstances":null,"maxInstances":null,"ingressSettings":null,"serviceAccountEmail":null,"vpc":null,"scheduleTrigger":{"schedule":"every 1 minutes","retryConfig":{"retryCount":null,"maxDoublings":null,"maxRetryDuration":null,"maxBackoffDuration":null,"minBackoffDuration":null},"timeZone":null},"labels":{},"entryPoint":"syncIcalFeeds"},"addManualBooking":{"platform":"gcfv1","availableMemoryMb":null,"timeoutSeconds":null,"minInstances":null,"maxInstances":null,"ingressSettings":null,"serviceAccountEmail":null,"vpc":null,"httpsTrigger":{},"entryPoint":"addManualBooking"},"createImpersonationToken":{"platform":"gcfv1","labels":{},"availableMemoryMb":null,"timeoutSeconds":null,"minInstances":null,"maxInstances":null,"ingressSettings":null,"serviceAccountEmail":null,"vpc":null,"callableTrigger":{},"entryPoint":"createImpersonationToken"}},"specVersion":"v1alpha1","requiredAPIs":[{"api":"cloudscheduler.googleapis.com","reason":"Needed for scheduled functions."}],"extensions":{}}
[info] i  extensions: ensuring required API firebaseextensions.googleapis.com is enabled... 
[debug] [2025-08-22T22:52:25.430Z] > command requires scopes: ["email","openid","https://www.googleapis.com/auth/cloudplatformprojects.readonly","https://www.googleapis.com/auth/firebase","https://www.googleapis.com/auth/cloud-platform"]
[debug] [2025-08-22T22:52:25.431Z] > authorizing via signed-in user (appstaywell@gmail.com)
[debug] [2025-08-22T22:52:25.431Z] [iam] checking project staywellapp-49b62 for permissions ["firebase.projects.get","firebaseextensions.instances.list"]
[debug] [2025-08-22T22:52:25.431Z] Checked if tokens are valid: true, expires at: 1755906735774
[debug] [2025-08-22T22:52:25.431Z] Checked if tokens are valid: true, expires at: 1755906735774
[debug] [2025-08-22T22:52:25.431Z] >>> [apiv2][query] POST https://cloudresourcemanager.googleapis.com/v1/projects/staywellapp-49b62:testIamPermissions [none]
[debug] [2025-08-22T22:52:25.431Z] >>> [apiv2][(partial)header] POST https://cloudresourcemanager.googleapis.com/v1/projects/staywellapp-49b62:testIamPermissions x-goog-quota-user=projects/staywellapp-49b62
[debug] [2025-08-22T22:52:25.431Z] >>> [apiv2][body] POST https://cloudresourcemanager.googleapis.com/v1/projects/staywellapp-49b62:testIamPermissions {"permissions":["firebase.projects.get","firebaseextensions.instances.list"]}
[debug] [2025-08-22T22:52:26.145Z] <<< [apiv2][status] POST https://cloudresourcemanager.googleapis.com/v1/projects/staywellapp-49b62:testIamPermissions 200
[debug] [2025-08-22T22:52:26.145Z] <<< [apiv2][body] POST https://cloudresourcemanager.googleapis.com/v1/projects/staywellapp-49b62:testIamPermissions {"permissions":["firebase.projects.get","firebaseextensions.instances.list"]}
[debug] [2025-08-22T22:52:26.146Z] Checked if tokens are valid: true, expires at: 1755906735774
[debug] [2025-08-22T22:52:26.146Z] Checked if tokens are valid: true, expires at: 1755906735774
[debug] [2025-08-22T22:52:26.146Z] >>> [apiv2][query] GET https://firebaseextensions.googleapis.com/v1beta/projects/staywellapp-49b62/instances pageSize=100&pageToken=
[debug] [2025-08-22T22:52:27.196Z] <<< [apiv2][status] GET https://firebaseextensions.googleapis.com/v1beta/projects/staywellapp-49b62/instances 200
[debug] [2025-08-22T22:52:27.196Z] <<< [apiv2][body] GET https://firebaseextensions.googleapis.com/v1beta/projects/staywellapp-49b62/instances {}
[info] i  functions: preparing functions directory for uploading... 
[info] i  functions: packaged C:\Users\neilc\Desktop\StayWellApp\functions (37.45 KB) for uploading 
[debug] [2025-08-22T22:52:27.221Z] Checked if tokens are valid: true, expires at: 1755906735774
[debug] [2025-08-22T22:52:27.221Z] Checked if tokens are valid: true, expires at: 1755906735774
[debug] [2025-08-22T22:52:27.221Z] >>> [apiv2][query] GET https://cloudfunctions.googleapis.com/v1/projects/staywellapp-49b62/locations/-/functions [none]
[debug] [2025-08-22T22:52:27.991Z] <<< [apiv2][status] GET https://cloudfunctions.googleapis.com/v1/projects/staywellapp-49b62/locations/-/functions 200
[debug] [2025-08-22T22:52:27.991Z] <<< [apiv2][body] GET https://cloudfunctions.googleapis.com/v1/projects/staywellapp-49b62/locations/-/functions {"functions":[{"name":"projects/staywellapp-49b62/locations/us-central1/functions/uploadProof","httpsTrigger":{"url":"https://us-central1-staywellapp-49b62.cloudfunctions.net/uploadProof","securityLevel":"SECURE_ALWAYS"},"status":"ACTIVE","entryPoint":"uploadProof","timeout":"60s","availableMemoryMb":256,"serviceAccountEmail":"staywellapp-49b62@appspot.gserviceaccount.com","updateTime":"2025-08-18T20:45:35.638Z","versionId":"11","labels":{"deployment-tool":"cli-firebase","firebase-functions-hash":"1d31620603e5454bcfc3e824589d2be3061cf2e9"},"sourceUploadUrl":"https://storage.googleapis.com/uploads-485237856963.us-central1.cloudfunctions.appspot.com/9d0153db-b46f-4ef5-b71e-44743b357bc5.zip","environmentVariables":{"FIREBASE_CONFIG":"{\"projectId\":\"staywellapp-49b62\",\"storageBucket\":\"staywellapp-49b62.firebasestorage.app\"}","GCLOUD_PROJECT":"staywellapp-49b62","EVENTARC_CLOUD_EVENT_SOURCE":"projects/staywellapp-49b62/locations/us-central1/functions/uploadProof"},"runtime":"nodejs20","ingressSettings":"ALLOW_ALL","buildId":"8eb8c411-570a-4357-83bc-c30218161277","buildEnvironmentVariables":{"GOOGLE_NODE_RUN_SCRIPTS":""},"buildName":"projects/240146050261/locations/us-central1/builds/8eb8c411-570a-4357-83bc-c30218161277","dockerRegistry":"ARTIFACT_REGISTRY","automaticUpdatePolicy":{},"buildServiceAccount":"projects/staywellapp-49b62/serviceAccounts/240146050261-compute@developer.gserviceaccount.com","satisfiesPzi":true},{"name":"projects/staywellapp-49b62/locations/us-central1/functions/syncIcalFeeds","eventTrigger":{"eventType":"google.pubsub.topic.publish","resource":"projects/staywellapp-49b62/topics/firebase-schedule-syncIcalFeeds-us-central1","service":"pubsub.googleapis.com","failurePolicy":{}},"status":"ACTIVE","entryPoint":"syncIcalFeeds","timeout":"60s","availableMemoryMb":256,"serviceAccountEmail":"staywellapp-49b62@appspot.gserviceaccount.com","updateTime":"2025-08-18T20:45:38.010Z","versionId":"4","labels":{"deployment-tool":"cli-firebase","deployment-scheduled":"true","firebase-functions-hash":"1d31620603e5454bcfc3e824589d2be3061cf2e9"},"sourceUploadUrl":"https://storage.googleapis.com/uploads-485237856963.us-central1.cloudfunctions.appspot.com/9d0153db-b46f-4ef5-b71e-44743b357bc5.zip","environmentVariables":{"FIREBASE_CONFIG":"{\"projectId\":\"staywellapp-49b62\",\"storageBucket\":\"staywellapp-49b62.firebasestorage.app\"}","GCLOUD_PROJECT":"staywellapp-49b62","EVENTARC_CLOUD_EVENT_SOURCE":"projects/staywellapp-49b62/locations/us-central1/functions/syncIcalFeeds"},"runtime":"nodejs20","maxInstances":3000,"ingressSettings":"ALLOW_ALL","buildId":"8eb8c411-570a-4357-83bc-c30218161277","buildEnvironmentVariables":{"GOOGLE_NODE_RUN_SCRIPTS":""},"buildName":"projects/240146050261/locations/us-central1/builds/8eb8c411-570a-4357-83bc-c30218161277","dockerRegistry":"ARTIFACT_REGISTRY","automaticUpdatePolicy":{},"buildServiceAccount":"projects/staywellapp-49b62/serviceAccounts/240146050261-compute@developer.gserviceaccount.com","satisfiesPzi":true},{"name":"projects/staywellapp-49b62/locations/us-central1/functions/addManualBooking","httpsTrigger":{"url":"https://us-central1-staywellapp-49b62.cloudfunctions.net/addManualBooking","securityLevel":"SECURE_ALWAYS"},"status":"ACTIVE","entryPoint":"addManualBooking","timeout":"60s","availableMemoryMb":256,"serviceAccountEmail":"staywellapp-49b62@appspot.gserviceaccount.com","updateTime":"2025-08-18T20:45:38.346Z","versionId":"3","labels":{"deployment-tool":"cli-firebase","firebase-functions-hash":"1d31620603e5454bcfc3e824589d2be3061cf2e9"},"sourceUploadUrl":"https://storage.googleapis.com/uploads-485237856963.us-central1.cloudfunctions.appspot.com/9d0153db-b46f-4ef5-b71e-44743b357bc5.zip","environmentVariables":{"FIREBASE_CONFIG":"{\"projectId\":\"staywellapp-49b62\",\"storageBucket\":\"staywellapp-49b62.firebasestorage.app\"}","GCLOUD_PROJECT":"staywellapp-49b62","EVENTARC_CLOUD_EVENT_SOURCE":"projects/staywellapp-49b62/locations/us-central1/functions/addManualBooking"},"runtime":"nodejs20","ingressSettings":"ALLOW_ALL","buildId":"8eb8c411-570a-4357-83bc-c30218161277","buildEnvironmentVariables":{"GOOGLE_NODE_RUN_SCRIPTS":""},"buildName":"projects/240146050261/locations/us-central1/builds/8eb8c411-570a-4357-83bc-c30218161277","dockerRegistry":"ARTIFACT_REGISTRY","automaticUpdatePolicy":{},"buildServiceAccount":"projects/staywellapp-49b62/serviceAccounts/240146050261-compute@developer.gserviceaccount.com","satisfiesPzi":true},{"name":"projects/staywellapp-49b62/locations/us-central1/functions/onBookingReceived","httpsTrigger":{"url":"https://us-central1-staywellapp-49b62.cloudfunctions.net/onBookingReceived","securityLevel":"SECURE_ALWAYS"},"status":"ACTIVE","entryPoint":"onBookingReceived","timeout":"60s","availableMemoryMb":256,"serviceAccountEmail":"staywellapp-49b62@appspot.gserviceaccount.com","updateTime":"2025-08-18T20:45:39.909Z","versionId":"6","labels":{"firebase-functions-hash":"1d31620603e5454bcfc3e824589d2be3061cf2e9","deployment-tool":"cli-firebase"},"sourceUploadUrl":"https://storage.googleapis.com/uploads-485237856963.us-central1.cloudfunctions.appspot.com/9d0153db-b46f-4ef5-b71e-44743b357bc5.zip","environmentVariables":{"FIREBASE_CONFIG":"{\"projectId\":\"staywellapp-49b62\",\"storageBucket\":\"staywellapp-49b62.firebasestorage.app\"}","GCLOUD_PROJECT":"staywellapp-49b62","EVENTARC_CLOUD_EVENT_SOURCE":"projects/staywellapp-49b62/locations/us-central1/functions/onBookingReceived"},"runtime":"nodejs20","ingressSettings":"ALLOW_ALL","buildId":"8eb8c411-570a-4357-83bc-c30218161277","buildEnvironmentVariables":{"GOOGLE_NODE_RUN_SCRIPTS":""},"buildName":"projects/240146050261/locations/us-central1/builds/8eb8c411-570a-4357-83bc-c30218161277","dockerRegistry":"ARTIFACT_REGISTRY","automaticUpdatePolicy":{},"buildServiceAccount":"projects/staywellapp-49b62/serviceAccounts/240146050261-compute@developer.gserviceaccount.com","satisfiesPzi":true}]}
[debug] [2025-08-22T22:52:27.992Z] Checked if tokens are valid: true, expires at: 1755906735774
[debug] [2025-08-22T22:52:27.992Z] Checked if tokens are valid: true, expires at: 1755906735774
[debug] [2025-08-22T22:52:27.992Z] >>> [apiv2][query] GET https://cloudfunctions.googleapis.com/v2/projects/staywellapp-49b62/locations/-/functions filter=environment%3D%22GEN_2%22
[debug] [2025-08-22T22:52:29.008Z] <<< [apiv2][status] GET https://cloudfunctions.googleapis.com/v2/projects/staywellapp-49b62/locations/-/functions 200
[debug] [2025-08-22T22:52:29.008Z] <<< [apiv2][body] GET https://cloudfunctions.googleapis.com/v2/projects/staywellapp-49b62/locations/-/functions {}
[info] i  functions: ensuring required API cloudscheduler.googleapis.com is enabled... 
[debug] [2025-08-22T22:52:29.011Z] Checked if tokens are valid: true, expires at: 1755906735774
[debug] [2025-08-22T22:52:29.011Z] Checked if tokens are valid: true, expires at: 1755906735774
[debug] [2025-08-22T22:52:29.011Z] >>> [apiv2][query] GET https://cloudresourcemanager.googleapis.com/v1/projects/staywellapp-49b62 [none]
[debug] [2025-08-22T22:52:29.203Z] <<< [apiv2][status] GET https://cloudresourcemanager.googleapis.com/v1/projects/staywellapp-49b62 200
[debug] [2025-08-22T22:52:29.204Z] <<< [apiv2][body] GET https://cloudresourcemanager.googleapis.com/v1/projects/staywellapp-49b62 {"projectNumber":"240146050261","projectId":"staywellapp-49b62","lifecycleState":"ACTIVE","name":"StayWellApp","labels":{"firebase":"enabled","firebase-core":"disabled"},"createTime":"2025-07-04T11:58:01.177973Z"}
[debug] [2025-08-22T22:52:29.204Z] Checked if tokens are valid: true, expires at: 1755906735774
[debug] [2025-08-22T22:52:29.204Z] Checked if tokens are valid: true, expires at: 1755906735774
[debug] [2025-08-22T22:52:29.204Z] >>> [apiv2][query] GET https://cloudbilling.googleapis.com/v1/projects/staywellapp-49b62/billingInfo [none]
[debug] [2025-08-22T22:52:29.608Z] <<< [apiv2][status] GET https://cloudbilling.googleapis.com/v1/projects/staywellapp-49b62/billingInfo 200
[debug] [2025-08-22T22:52:29.608Z] <<< [apiv2][body] GET https://cloudbilling.googleapis.com/v1/projects/staywellapp-49b62/billingInfo {"name":"projects/staywellapp-49b62/billingInfo","projectId":"staywellapp-49b62","billingAccountName":"billingAccounts/018B56-6DB569-355A73","billingEnabled":true}
[debug] [2025-08-22T22:52:29.609Z] Checked if tokens are valid: true, expires at: 1755906735774
[debug] [2025-08-22T22:52:29.609Z] Checked if tokens are valid: true, expires at: 1755906735774
[debug] [2025-08-22T22:52:29.609Z] >>> [apiv2][query] POST https://cloudfunctions.googleapis.com/v1/projects/staywellapp-49b62/locations/us-central1/functions:generateUploadUrl [none]
[debug] [2025-08-22T22:52:29.609Z] >>> [apiv2][body] POST https://cloudfunctions.googleapis.com/v1/projects/staywellapp-49b62/locations/us-central1/functions:generateUploadUrl {}
[debug] [2025-08-22T22:52:30.247Z] <<< [apiv2][status] POST https://cloudfunctions.googleapis.com/v1/projects/staywellapp-49b62/locations/us-central1/functions:generateUploadUrl 200
[debug] [2025-08-22T22:52:30.247Z] <<< [apiv2][body] POST https://cloudfunctions.googleapis.com/v1/projects/staywellapp-49b62/locations/us-central1/functions:generateUploadUrl {"uploadUrl":"https://storage.googleapis.com/uploads-485237856963.us-central1.cloudfunctions.appspot.com/3eb25dc0-b72b-4508-990b-645d4565d627.zip?GoogleAccessId=service-240146050261@gcf-admin-robot.iam.gserviceaccount.com&Expires=1755904950&Signature=q%2Bq3BlG2VDrIXb6mLVsslIQMYQuf1JWCZmNiu7iSkxHg3Uhik9EaC6hHW%2BgL5P2lm4DfjcSZ%2BZicoS%2F5yXFFNACK8h4E1CUXE2tAZtdqxg62WXE4xlwAsNuaWXkUwvr3yM%2Fj3AWbmotpUQfpfK2Vv%2F2N6Bk1UBosbOP%2BKH5%2BvRY5IFKQIXeFZAOFfV8AzDPLrbn1SlsZT%2Fm5PWJywGsh%2FLBx0PcscwEU1%2Br30iPWjeZLU7R6RXjfDAW6MpgJTIxgGUb7xECk%2FgTejJjMdvNa2V1B4e%2FoMqfkAwGgYrwHgEu%2FWEONCl5sy4pySRGW3c63yRwRYqeDwgsUFzZ8Izcnkw%3D%3D"}
[debug] [2025-08-22T22:52:30.248Z] >>> [apiv2][query] PUT https://storage.googleapis.com/uploads-485237856963.us-central1.cloudfunctions.appspot.com/3eb25dc0-b72b-4508-990b-645d4565d627.zip GoogleAccessId=service-240146050261%40gcf-admin-robot.iam.gserviceaccount.com&Expires=1755904950&Signature=q%2Bq3BlG2VDrIXb6mLVsslIQMYQuf1JWCZmNiu7iSkxHg3Uhik9EaC6hHW%2BgL5P2lm4DfjcSZ%2BZicoS%2F5yXFFNACK8h4E1CUXE2tAZtdqxg62WXE4xlwAsNuaWXkUwvr3yM%2Fj3AWbmotpUQfpfK2Vv%2F2N6Bk1UBosbOP%2BKH5%2BvRY5IFKQIXeFZAOFfV8AzDPLrbn1SlsZT%2Fm5PWJywGsh%2FLBx0PcscwEU1%2Br30iPWjeZLU7R6RXjfDAW6MpgJTIxgGUb7xECk%2FgTejJjMdvNa2V1B4e%2FoMqfkAwGgYrwHgEu%2FWEONCl5sy4pySRGW3c63yRwRYqeDwgsUFzZ8Izcnkw%3D%3D
[debug] [2025-08-22T22:52:30.248Z] >>> [apiv2][body] PUT https://storage.googleapis.com/uploads-485237856963.us-central1.cloudfunctions.appspot.com/3eb25dc0-b72b-4508-990b-645d4565d627.zip [stream]
[debug] [2025-08-22T22:52:31.362Z] <<< [apiv2][status] PUT https://storage.googleapis.com/uploads-485237856963.us-central1.cloudfunctions.appspot.com/3eb25dc0-b72b-4508-990b-645d4565d627.zip 200
[debug] [2025-08-22T22:52:31.362Z] <<< [apiv2][body] PUT https://storage.googleapis.com/uploads-485237856963.us-central1.cloudfunctions.appspot.com/3eb25dc0-b72b-4508-990b-645d4565d627.zip [omitted]
[info] +  functions: functions folder uploaded successfully 
[info] i  functions: creating Node.js 20 (1st Gen) function respondToTaskOffer(us-central1)... 
[info] i  functions: creating Node.js 20 (1st Gen) function submitForInspection(us-central1)... 
[info] i  functions: creating Node.js 20 (1st Gen) function reviewTask(us-central1)... 
[info] i  functions: creating Node.js 20 (1st Gen) function createImpersonationToken(us-central1)... 
[info] i  functions: updating Node.js 20 (1st Gen) function uploadProof(us-central1)... 
[info] i  functions: updating Node.js 20 (1st Gen) function onBookingReceived(us-central1)... 
[info] i  functions: updating Node.js 20 (1st Gen) function syncIcalFeeds(us-central1)... 
[info] i  functions: updating Node.js 20 (1st Gen) function addManualBooking(us-central1)... 
[debug] [2025-08-22T22:52:31.367Z] Checked if tokens are valid: true, expires at: 1755906735774
[debug] [2025-08-22T22:52:31.367Z] Checked if tokens are valid: true, expires at: 1755906735774
[debug] [2025-08-22T22:52:31.367Z] >>> [apiv2][query] POST https://cloudfunctions.googleapis.com/v1/projects/staywellapp-49b62/locations/us-central1/functions [none]
[debug] [2025-08-22T22:52:31.367Z] >>> [apiv2][body] POST https://cloudfunctions.googleapis.com/v1/projects/staywellapp-49b62/locations/us-central1/functions {"name":"projects/staywellapp-49b62/locations/us-central1/functions/respondToTaskOffer","sourceUploadUrl":"https://storage.googleapis.com/uploads-485237856963.us-central1.cloudfunctions.appspot.com/3eb25dc0-b72b-4508-990b-645d4565d627.zip?GoogleAccessId=service-240146050261@gcf-admin-robot.iam.gserviceaccount.com&Expires=1755904950&Signature=q%2Bq3BlG2VDrIXb6mLVsslIQMYQuf1JWCZmNiu7iSkxHg3Uhik9EaC6hHW%2BgL5P2lm4DfjcSZ%2BZicoS%2F5yXFFNACK8h4E1CUXE2tAZtdqxg62WXE4xlwAsNuaWXkUwvr3yM%2Fj3AWbmotpUQfpfK2Vv%2F2N6Bk1UBosbOP%2BKH5%2BvRY5IFKQIXeFZAOFfV8AzDPLrbn1SlsZT%2Fm5PWJywGsh%2FLBx0PcscwEU1%2Br30iPWjeZLU7R6RXjfDAW6MpgJTIxgGUb7xECk%2FgTejJjMdvNa2V1B4e%2FoMqfkAwGgYrwHgEu%2FWEONCl5sy4pySRGW3c63yRwRYqeDwgsUFzZ8Izcnkw%3D%3D","entryPoint":"respondToTaskOffer","runtime":"nodejs20","dockerRegistry":"ARTIFACT_REGISTRY","labels":{"deployment-tool":"cli-firebase","deployment-callable":"true","firebase-functions-hash":"57990e3aa1c448673bd2c11ceb1679ea60ff4051"},"httpsTrigger":{"securityLevel":"SECURE_ALWAYS"},"minInstances":null,"maxInstances":null,"ingressSettings":null,"environmentVariables":{"FIREBASE_CONFIG":"{\"projectId\":\"staywellapp-49b62\",\"storageBucket\":\"staywellapp-49b62.firebasestorage.app\"}","GCLOUD_PROJECT":"staywellapp-49b62","EVENTARC_CLOUD_EVENT_SOURCE":"projects/staywellapp-49b62/locations/us-central1/functions/respondToTaskOffer"},"serviceAccountEmail":null,"availableMemoryMb":null,"timeout":null,"vpcConnector":null,"vpcConnectorEgressSettings":null,"buildEnvironmentVariables":{"GOOGLE_NODE_RUN_SCRIPTS":""}}
[debug] [2025-08-22T22:52:32.231Z] <<< [apiv2][status] POST https://cloudfunctions.googleapis.com/v1/projects/staywellapp-49b62/locations/us-central1/functions 200
[debug] [2025-08-22T22:52:32.231Z] <<< [apiv2][body] POST https://cloudfunctions.googleapis.com/v1/projects/staywellapp-49b62/locations/us-central1/functions {"name":"operations/cHJvamVjdHMvc3RheXdlbGxhcHAtNDliNjIvbG9jYXRpb25zL3VzLWNlbnRyYWwxL29wZXJhdGlvbnMvb3BlcmF0aW9uLTE3NTU5MDMxNTE3MDAtNjNjZmMwZjlkZmJmYy1lMjk0MzNkMy01ZjU1ZWE1Nw","metadata":{"@type":"type.googleapis.com/google.cloud.functions.v1.OperationMetadataV1","target":"projects/staywellapp-49b62/locations/us-central1/functions/respondToTaskOffer","updateTime":"2025-08-22T22:52:32.290969662Z"}}
[debug] [2025-08-22T22:52:32.232Z] Checked if tokens are valid: true, expires at: 1755906735774
[debug] [2025-08-22T22:52:32.232Z] Checked if tokens are valid: true, expires at: 1755906735774
[debug] [2025-08-22T22:52:32.232Z] >>> [apiv2][query] GET https://cloudfunctions.googleapis.com/v1/operations/cHJvamVjdHMvc3RheXdlbGxhcHAtNDliNjIvbG9jYXRpb25zL3VzLWNlbnRyYWwxL29wZXJhdGlvbnMvb3BlcmF0aW9uLTE3NTU5MDMxNTE3MDAtNjNjZmMwZjlkZmJmYy1lMjk0MzNkMy01ZjU1ZWE1Nw [none]
[debug] [2025-08-22T22:52:32.453Z] <<< [apiv2][status] GET https://cloudfunctions.googleapis.com/v1/operations/cHJvamVjdHMvc3RheXdlbGxhcHAtNDliNjIvbG9jYXRpb25zL3VzLWNlbnRyYWwxL29wZXJhdGlvbnMvb3BlcmF0aW9uLTE3NTU5MDMxNTE3MDAtNjNjZmMwZjlkZmJmYy1lMjk0MzNkMy01ZjU1ZWE1Nw 200
[debug] [2025-08-22T22:52:32.453Z] <<< [apiv2][body] GET https://cloudfunctions.googleapis.com/v1/operations/cHJvamVjdHMvc3RheXdlbGxhcHAtNDliNjIvbG9jYXRpb25zL3VzLWNlbnRyYWwxL29wZXJhdGlvbnMvb3BlcmF0aW9uLTE3NTU5MDMxNTE3MDAtNjNjZmMwZjlkZmJmYy1lMjk0MzNkMy01ZjU1ZWE1Nw {"name":"operations/cHJvamVjdHMvc3RheXdlbGxhcHAtNDliNjIvbG9jYXRpb25zL3VzLWNlbnRyYWwxL29wZXJhdGlvbnMvb3BlcmF0aW9uLTE3NTU5MDMxNTE3MDAtNjNjZmMwZjlkZmJmYy1lMjk0MzNkMy01ZjU1ZWE1Nw","metadata":{"@type":"type.googleapis.com/google.cloud.functions.v1.OperationMetadataV1","target":"projects/staywellapp-49b62/locations/us-central1/functions/respondToTaskOffer","updateTime":"2025-08-22T22:52:32.290969662Z"}}
[debug] [2025-08-22T22:52:32.961Z] [create-default-us-central1-respondToTaskOffer] Retrying task index 0
[debug] [2025-08-22T22:52:32.961Z] Checked if tokens are valid: true, expires at: 1755906735774
[debug] [2025-08-22T22:52:32.961Z] Checked if tokens are valid: true, expires at: 1755906735774
[debug] [2025-08-22T22:52:32.961Z] >>> [apiv2][query] GET https://cloudfunctions.googleapis.com/v1/operations/cHJvamVjdHMvc3RheXdlbGxhcHAtNDliNjIvbG9jYXRpb25zL3VzLWNlbnRyYWwxL29wZXJhdGlvbnMvb3BlcmF0aW9uLTE3NTU5MDMxNTE3MDAtNjNjZmMwZjlkZmJmYy1lMjk0MzNkMy01ZjU1ZWE1Nw [none]
[debug] [2025-08-22T22:52:33.159Z] <<< [apiv2][status] GET https://cloudfunctions.googleapis.com/v1/operations/cHJvamVjdHMvc3RheXdlbGxhcHAtNDliNjIvbG9jYXRpb25zL3VzLWNlbnRyYWwxL29wZXJhdGlvbnMvb3BlcmF0aW9uLTE3NTU5MDMxNTE3MDAtNjNjZmMwZjlkZmJmYy1lMjk0MzNkMy01ZjU1ZWE1Nw 200
[debug] [2025-08-22T22:52:33.159Z] <<< [apiv2][body] GET https://cloudfunctions.googleapis.com/v1/operations/cHJvamVjdHMvc3RheXdlbGxhcHAtNDliNjIvbG9jYXRpb25zL3VzLWNlbnRyYWwxL29wZXJhdGlvbnMvb3BlcmF0aW9uLTE3NTU5MDMxNTE3MDAtNjNjZmMwZjlkZmJmYy1lMjk0MzNkMy01ZjU1ZWE1Nw {"name":"operations/cHJvamVjdHMvc3RheXdlbGxhcHAtNDliNjIvbG9jYXRpb25zL3VzLWNlbnRyYWwxL29wZXJhdGlvbnMvb3BlcmF0aW9uLTE3NTU5MDMxNTE3MDAtNjNjZmMwZjlkZmJmYy1lMjk0MzNkMy01ZjU1ZWE1Nw","metadata":{"@type":"type.googleapis.com/google.cloud.functions.v1.OperationMetadataV1","target":"projects/staywellapp-49b62/locations/us-central1/functions/respondToTaskOffer","type":"CREATE_FUNCTION","request":{"@type":"type.googleapis.com/google.cloud.functions.v1.CloudFunction","name":"projects/staywellapp-49b62/locations/us-central1/functions/respondToTaskOffer","httpsTrigger":{"securityLevel":"SECURE_ALWAYS"},"entryPoint":"respondToTaskOffer","updateTime":"1970-01-01T00:00:00Z","labels":{"deployment-tool":"cli-firebase","deployment-callable":"true","firebase-functions-hash":"57990e3aa1c448673bd2c11ceb1679ea60ff4051"},"sourceUploadUrl":"https://storage.googleapis.com/uploads-485237856963.us-central1.cloudfunctions.appspot.com/3eb25dc0-b72b-4508-990b-645d4565d627.zip?GoogleAccessId=service-240146050261@gcf-admin-robot.iam.gserviceaccount.com&Expires=1755904950&Signature=q%2Bq3BlG2VDrIXb6mLVsslIQMYQuf1JWCZmNiu7iSkxHg3Uhik9EaC6hHW%2BgL5P2lm4DfjcSZ%2BZicoS%2F5yXFFNACK8h4E1CUXE2tAZtdqxg62WXE4xlwAsNuaWXkUwvr3yM%2Fj3AWbmotpUQfpfK2Vv%2F2N6Bk1UBosbOP%2BKH5%2BvRY5IFKQIXeFZAOFfV8AzDPLrbn1SlsZT%2Fm5PWJywGsh%2FLBx0PcscwEU1%2Br30iPWjeZLU7R6RXjfDAW6MpgJTIxgGUb7xECk%2FgTejJjMdvNa2V1B4e%2FoMqfkAwGgYrwHgEu%2FWEONCl5sy4pySRGW3c63yRwRYqeDwgsUFzZ8Izcnkw%3D%3D","environmentVariables":{"FIREBASE_CONFIG":"{\"projectId\":\"staywellapp-49b62\",\"storageBucket\":\"staywellapp-49b62.firebasestorage.app\"}","GCLOUD_PROJECT":"staywellapp-49b62","EVENTARC_CLOUD_EVENT_SOURCE":"projects/staywellapp-49b62/locations/us-central1/functions/respondToTaskOffer"},"runtime":"nodejs20","buildEnvironmentVariables":{"GOOGLE_NODE_RUN_SCRIPTS":""},"dockerRegistry":"ARTIFACT_REGISTRY"},"versionId":"1","updateTime":"2025-08-22T22:52:32.290969662Z"}}
[debug] [2025-08-22T22:52:34.173Z] [create-default-us-central1-respondToTaskOffer] Retrying task index 0
[debug] [2025-08-22T22:52:34.173Z] Checked if tokens are valid: true, expires at: 1755906735774
[debug] [2025-08-22T22:52:34.173Z] Checked if tokens are valid: true, expires at: 1755906735774
[debug] [2025-08-22T22:52:34.173Z] >>> [apiv2][query] GET https://cloudfunctions.googleapis.com/v1/operations/cHJvamVjdHMvc3RheXdlbGxhcHAtNDliNjIvbG9jYXRpb25zL3VzLWNlbnRyYWwxL29wZXJhdGlvbnMvb3BlcmF0aW9uLTE3NTU5MDMxNTE3MDAtNjNjZmMwZjlkZmJmYy1lMjk0MzNkMy01ZjU1ZWE1Nw [none]
[debug] [2025-08-22T22:52:34.374Z] <<< [apiv2][status] GET https://cloudfunctions.googleapis.com/v1/operations/cHJvamVjdHMvc3RheXdlbGxhcHAtNDliNjIvbG9jYXRpb25zL3VzLWNlbnRyYWwxL29wZXJhdGlvbnMvb3BlcmF0aW9uLTE3NTU5MDMxNTE3MDAtNjNjZmMwZjlkZmJmYy1lMjk0MzNkMy01ZjU1ZWE1Nw 200
[debug] [2025-08-22T22:52:34.374Z] <<< [apiv2][body] GET https://cloudfunctions.googleapis.com/v1/operations/cHJvamVjdHMvc3RheXdlbGxhcHAtNDliNjIvbG9jYXRpb25zL3VzLWNlbnRyYWwxL29wZXJhdGlvbnMvb3BlcmF0aW9uLTE3NTU5MDMxNTE3MDAtNjNjZmMwZjlkZmJmYy1lMjk0MzNkMy01ZjU1ZWE1Nw {"name":"operations/cHJvamVjdHMvc3RheXdlbGxhcHAtNDliNjIvbG9jYXRpb25zL3VzLWNlbnRyYWwxL29wZXJhdGlvbnMvb3BlcmF0aW9uLTE3NTU5MDMxNTE3MDAtNjNjZmMwZjlkZmJmYy1lMjk0MzNkMy01ZjU1ZWE1Nw","metadata":{"@type":"type.googleapis.com/google.cloud.functions.v1.OperationMetadataV1","target":"projects/staywellapp-49b62/locations/us-central1/functions/respondToTaskOffer","type":"CREATE_FUNCTION","request":{"@type":"type.googleapis.com/google.cloud.functions.v1.CloudFunction","name":"projects/staywellapp-49b62/locations/us-central1/functions/respondToTaskOffer","httpsTrigger":{"securityLevel":"SECURE_ALWAYS"},"entryPoint":"respondToTaskOffer","updateTime":"1970-01-01T00:00:00Z","labels":{"deployment-tool":"cli-firebase","deployment-callable":"true","firebase-functions-hash":"57990e3aa1c448673bd2c11ceb1679ea60ff4051"},"sourceUploadUrl":"https://storage.googleapis.com/uploads-485237856963.us-central1.cloudfunctions.appspot.com/3eb25dc0-b72b-4508-990b-645d4565d627.zip?GoogleAccessId=service-240146050261@gcf-admin-robot.iam.gserviceaccount.com&Expires=1755904950&Signature=q%2Bq3BlG2VDrIXb6mLVsslIQMYQuf1JWCZmNiu7iSkxHg3Uhik9EaC6hHW%2BgL5P2lm4DfjcSZ%2BZicoS%2F5yXFFNACK8h4E1CUXE2tAZtdqxg62WXE4xlwAsNuaWXkUwvr3yM%2Fj3AWbmotpUQfpfK2Vv%2F2N6Bk1UBosbOP%2BKH5%2BvRY5IFKQIXeFZAOFfV8AzDPLrbn1SlsZT%2Fm5PWJywGsh%2FLBx0PcscwEU1%2Br30iPWjeZLU7R6RXjfDAW6MpgJTIxgGUb7xECk%2FgTejJjMdvNa2V1B4e%2FoMqfkAwGgYrwHgEu%2FWEONCl5sy4pySRGW3c63yRwRYqeDwgsUFzZ8Izcnkw%3D%3D","environmentVariables":{"FIREBASE_CONFIG":"{\"projectId\":\"staywellapp-49b62\",\"storageBucket\":\"staywellapp-49b62.firebasestorage.app\"}","GCLOUD_PROJECT":"staywellapp-49b62","EVENTARC_CLOUD_EVENT_SOURCE":"projects/staywellapp-49b62/locations/us-central1/functions/respondToTaskOffer"},"runtime":"nodejs20","buildEnvironmentVariables":{"GOOGLE_NODE_RUN_SCRIPTS":""},"dockerRegistry":"ARTIFACT_REGISTRY"},"versionId":"1","updateTime":"2025-08-22T22:52:32.290969662Z"}}
[debug] [2025-08-22T22:52:36.374Z] [create-default-us-central1-respondToTaskOffer] Retrying task index 0
[debug] [2025-08-22T22:52:36.375Z] Checked if tokens are valid: true, expires at: 1755906735774
[debug] [2025-08-22T22:52:36.375Z] Checked if tokens are valid: true, expires at: 1755906735774
[debug] [2025-08-22T22:52:36.375Z] >>> [apiv2][query] GET https://cloudfunctions.googleapis.com/v1/operations/cHJvamVjdHMvc3RheXdlbGxhcHAtNDliNjIvbG9jYXRpb25zL3VzLWNlbnRyYWwxL29wZXJhdGlvbnMvb3BlcmF0aW9uLTE3NTU5MDMxNTE3MDAtNjNjZmMwZjlkZmJmYy1lMjk0MzNkMy01ZjU1ZWE1Nw [none]
[debug] [2025-08-22T22:52:36.598Z] <<< [apiv2][status] GET https://cloudfunctions.googleapis.com/v1/operations/cHJvamVjdHMvc3RheXdlbGxhcHAtNDliNjIvbG9jYXRpb25zL3VzLWNlbnRyYWwxL29wZXJhdGlvbnMvb3BlcmF0aW9uLTE3NTU5MDMxNTE3MDAtNjNjZmMwZjlkZmJmYy1lMjk0MzNkMy01ZjU1ZWE1Nw 200
[debug] [2025-08-22T22:52:36.599Z] <<< [apiv2][body] GET https://cloudfunctions.googleapis.com/v1/operations/cHJvamVjdHMvc3RheXdlbGxhcHAtNDliNjIvbG9jYXRpb25zL3VzLWNlbnRyYWwxL29wZXJhdGlvbnMvb3BlcmF0aW9uLTE3NTU5MDMxNTE3MDAtNjNjZmMwZjlkZmJmYy1lMjk0MzNkMy01ZjU1ZWE1Nw {"name":"operations/cHJvamVjdHMvc3RheXdlbGxhcHAtNDliNjIvbG9jYXRpb25zL3VzLWNlbnRyYWwxL29wZXJhdGlvbnMvb3BlcmF0aW9uLTE3NTU5MDMxNTE3MDAtNjNjZmMwZjlkZmJmYy1lMjk0MzNkMy01ZjU1ZWE1Nw","metadata":{"@type":"type.googleapis.com/google.cloud.functions.v1.OperationMetadataV1","target":"projects/staywellapp-49b62/locations/us-central1/functions/respondToTaskOffer","type":"CREATE_FUNCTION","request":{"@type":"type.googleapis.com/google.cloud.functions.v1.CloudFunction","name":"projects/staywellapp-49b62/locations/us-central1/functions/respondToTaskOffer","httpsTrigger":{"securityLevel":"SECURE_ALWAYS"},"entryPoint":"respondToTaskOffer","updateTime":"1970-01-01T00:00:00Z","labels":{"deployment-tool":"cli-firebase","deployment-callable":"true","firebase-functions-hash":"57990e3aa1c448673bd2c11ceb1679ea60ff4051"},"sourceUploadUrl":"https://storage.googleapis.com/uploads-485237856963.us-central1.cloudfunctions.appspot.com/3eb25dc0-b72b-4508-990b-645d4565d627.zip?GoogleAccessId=service-240146050261@gcf-admin-robot.iam.gserviceaccount.com&Expires=1755904950&Signature=q%2Bq3BlG2VDrIXb6mLVsslIQMYQuf1JWCZmNiu7iSkxHg3Uhik9EaC6hHW%2BgL5P2lm4DfjcSZ%2BZicoS%2F5yXFFNACK8h4E1CUXE2tAZtdqxg62WXE4xlwAsNuaWXkUwvr3yM%2Fj3AWbmotpUQfpfK2Vv%2F2N6Bk1UBosbOP%2BKH5%2BvRY5IFKQIXeFZAOFfV8AzDPLrbn1SlsZT%2Fm5PWJywGsh%2FLBx0PcscwEU1%2Br30iPWjeZLU7R6RXjfDAW6MpgJTIxgGUb7xECk%2FgTejJjMdvNa2V1B4e%2FoMqfkAwGgYrwHgEu%2FWEONCl5sy4pySRGW3c63yRwRYqeDwgsUFzZ8Izcnkw%3D%3D","environmentVariables":{"FIREBASE_CONFIG":"{\"projectId\":\"staywellapp-49b62\",\"storageBucket\":\"staywellapp-49b62.firebasestorage.app\"}","GCLOUD_PROJECT":"staywellapp-49b62","EVENTARC_CLOUD_EVENT_SOURCE":"projects/staywellapp-49b62/locations/us-central1/functions/respondToTaskOffer"},"runtime":"nodejs20","buildEnvironmentVariables":{"GOOGLE_NODE_RUN_SCRIPTS":""},"dockerRegistry":"ARTIFACT_REGISTRY"},"versionId":"1","updateTime":"2025-08-22T22:52:32.290969662Z","buildId":"4db2c7a5-edf5-467f-b524-336499ba5ab5","buildName":"projects/240146050261/locations/us-central1/builds/4db2c7a5-edf5-467f-b524-336499ba5ab5"}}
[debug] [2025-08-22T22:52:40.608Z] [create-default-us-central1-respondToTaskOffer] Retrying task index 0
[debug] [2025-08-22T22:52:40.608Z] Checked if tokens are valid: true, expires at: 1755906735774
[debug] [2025-08-22T22:52:40.608Z] Checked if tokens are valid: true, expires at: 1755906735774
[debug] [2025-08-22T22:52:40.608Z] >>> [apiv2][query] GET https://cloudfunctions.googleapis.com/v1/operations/cHJvamVjdHMvc3RheXdlbGxhcHAtNDliNjIvbG9jYXRpb25zL3VzLWNlbnRyYWwxL29wZXJhdGlvbnMvb3BlcmF0aW9uLTE3NTU5MDMxNTE3MDAtNjNjZmMwZjlkZmJmYy1lMjk0MzNkMy01ZjU1ZWE1Nw [none]
[debug] [2025-08-22T22:52:40.829Z] <<< [apiv2][status] GET https://cloudfunctions.googleapis.com/v1/operations/cHJvamVjdHMvc3RheXdlbGxhcHAtNDliNjIvbG9jYXRpb25zL3VzLWNlbnRyYWwxL29wZXJhdGlvbnMvb3BlcmF0aW9uLTE3NTU5MDMxNTE3MDAtNjNjZmMwZjlkZmJmYy1lMjk0MzNkMy01ZjU1ZWE1Nw 200
[debug] [2025-08-22T22:52:40.829Z] <<< [apiv2][body] GET https://cloudfunctions.googleapis.com/v1/operations/cHJvamVjdHMvc3RheXdlbGxhcHAtNDliNjIvbG9jYXRpb25zL3VzLWNlbnRyYWwxL29wZXJhdGlvbnMvb3BlcmF0aW9uLTE3NTU5MDMxNTE3MDAtNjNjZmMwZjlkZmJmYy1lMjk0MzNkMy01ZjU1ZWE1Nw {"name":"operations/cHJvamVjdHMvc3RheXdlbGxhcHAtNDliNjIvbG9jYXRpb25zL3VzLWNlbnRyYWwxL29wZXJhdGlvbnMvb3BlcmF0aW9uLTE3NTU5MDMxNTE3MDAtNjNjZmMwZjlkZmJmYy1lMjk0MzNkMy01ZjU1ZWE1Nw","metadata":{"@type":"type.googleapis.com/google.cloud.functions.v1.OperationMetadataV1","target":"projects/staywellapp-49b62/locations/us-central1/functions/respondToTaskOffer","type":"CREATE_FUNCTION","request":{"@type":"type.googleapis.com/google.cloud.functions.v1.CloudFunction","name":"projects/staywellapp-49b62/locations/us-central1/functions/respondToTaskOffer","httpsTrigger":{"securityLevel":"SECURE_ALWAYS"},"entryPoint":"respondToTaskOffer","updateTime":"1970-01-01T00:00:00Z","labels":{"deployment-tool":"cli-firebase","deployment-callable":"true","firebase-functions-hash":"57990e3aa1c448673bd2c11ceb1679ea60ff4051"},"sourceUploadUrl":"https://storage.googleapis.com/uploads-485237856963.us-central1.cloudfunctions.appspot.com/3eb25dc0-b72b-4508-990b-645d4565d627.zip?GoogleAccessId=service-240146050261@gcf-admin-robot.iam.gserviceaccount.com&Expires=1755904950&Signature=q%2Bq3BlG2VDrIXb6mLVsslIQMYQuf1JWCZmNiu7iSkxHg3Uhik9EaC6hHW%2BgL5P2lm4DfjcSZ%2BZicoS%2F5yXFFNACK8h4E1CUXE2tAZtdqxg62WXE4xlwAsNuaWXkUwvr3yM%2Fj3AWbmotpUQfpfK2Vv%2F2N6Bk1UBosbOP%2BKH5%2BvRY5IFKQIXeFZAOFfV8AzDPLrbn1SlsZT%2Fm5PWJywGsh%2FLBx0PcscwEU1%2Br30iPWjeZLU7R6RXjfDAW6MpgJTIxgGUb7xECk%2FgTejJjMdvNa2V1B4e%2FoMqfkAwGgYrwHgEu%2FWEONCl5sy4pySRGW3c63yRwRYqeDwgsUFzZ8Izcnkw%3D%3D","environmentVariables":{"FIREBASE_CONFIG":"{\"projectId\":\"staywellapp-49b62\",\"storageBucket\":\"staywellapp-49b62.firebasestorage.app\"}","GCLOUD_PROJECT":"staywellapp-49b62","EVENTARC_CLOUD_EVENT_SOURCE":"projects/staywellapp-49b62/locations/us-central1/functions/respondToTaskOffer"},"runtime":"nodejs20","buildEnvironmentVariables":{"GOOGLE_NODE_RUN_SCRIPTS":""},"dockerRegistry":"ARTIFACT_REGISTRY"},"versionId":"1","updateTime":"2025-08-22T22:52:32.290969662Z","buildId":"4db2c7a5-edf5-467f-b524-336499ba5ab5","buildName":"projects/240146050261/locations/us-central1/builds/4db2c7a5-edf5-467f-b524-336499ba5ab5"}}
[debug] [2025-08-22T22:52:48.834Z] [create-default-us-central1-respondToTaskOffer] Retrying task index 0
[debug] [2025-08-22T22:52:48.834Z] Checked if tokens are valid: true, expires at: 1755906735774
[debug] [2025-08-22T22:52:48.834Z] Checked if tokens are valid: true, expires at: 1755906735774
[debug] [2025-08-22T22:52:48.834Z] >>> [apiv2][query] GET https://cloudfunctions.googleapis.com/v1/operations/cHJvamVjdHMvc3RheXdlbGxhcHAtNDliNjIvbG9jYXRpb25zL3VzLWNlbnRyYWwxL29wZXJhdGlvbnMvb3BlcmF0aW9uLTE3NTU5MDMxNTE3MDAtNjNjZmMwZjlkZmJmYy1lMjk0MzNkMy01ZjU1ZWE1Nw [none]
[debug] [2025-08-22T22:52:49.065Z] <<< [apiv2][status] GET https://cloudfunctions.googleapis.com/v1/operations/cHJvamVjdHMvc3RheXdlbGxhcHAtNDliNjIvbG9jYXRpb25zL3VzLWNlbnRyYWwxL29wZXJhdGlvbnMvb3BlcmF0aW9uLTE3NTU5MDMxNTE3MDAtNjNjZmMwZjlkZmJmYy1lMjk0MzNkMy01ZjU1ZWE1Nw 200
[debug] [2025-08-22T22:52:49.065Z] <<< [apiv2][body] GET https://cloudfunctions.googleapis.com/v1/operations/cHJvamVjdHMvc3RheXdlbGxhcHAtNDliNjIvbG9jYXRpb25zL3VzLWNlbnRyYWwxL29wZXJhdGlvbnMvb3BlcmF0aW9uLTE3NTU5MDMxNTE3MDAtNjNjZmMwZjlkZmJmYy1lMjk0MzNkMy01ZjU1ZWE1Nw {"name":"operations/cHJvamVjdHMvc3RheXdlbGxhcHAtNDliNjIvbG9jYXRpb25zL3VzLWNlbnRyYWwxL29wZXJhdGlvbnMvb3BlcmF0aW9uLTE3NTU5MDMxNTE3MDAtNjNjZmMwZjlkZmJmYy1lMjk0MzNkMy01ZjU1ZWE1Nw","metadata":{"@type":"type.googleapis.com/google.cloud.functions.v1.OperationMetadataV1","target":"projects/staywellapp-49b62/locations/us-central1/functions/respondToTaskOffer","type":"CREATE_FUNCTION","request":{"@type":"type.googleapis.com/google.cloud.functions.v1.CloudFunction","name":"projects/staywellapp-49b62/locations/us-central1/functions/respondToTaskOffer","httpsTrigger":{"securityLevel":"SECURE_ALWAYS"},"entryPoint":"respondToTaskOffer","updateTime":"1970-01-01T00:00:00Z","labels":{"deployment-tool":"cli-firebase","deployment-callable":"true","firebase-functions-hash":"57990e3aa1c448673bd2c11ceb1679ea60ff4051"},"sourceUploadUrl":"https://storage.googleapis.com/uploads-485237856963.us-central1.cloudfunctions.appspot.com/3eb25dc0-b72b-4508-990b-645d4565d627.zip?GoogleAccessId=service-240146050261@gcf-admin-robot.iam.gserviceaccount.com&Expires=1755904950&Signature=q%2Bq3BlG2VDrIXb6mLVsslIQMYQuf1JWCZmNiu7iSkxHg3Uhik9EaC6hHW%2BgL5P2lm4DfjcSZ%2BZicoS%2F5yXFFNACK8h4E1CUXE2tAZtdqxg62WXE4xlwAsNuaWXkUwvr3yM%2Fj3AWbmotpUQfpfK2Vv%2F2N6Bk1UBosbOP%2BKH5%2BvRY5IFKQIXeFZAOFfV8AzDPLrbn1SlsZT%2Fm5PWJywGsh%2FLBx0PcscwEU1%2Br30iPWjeZLU7R6RXjfDAW6MpgJTIxgGUb7xECk%2FgTejJjMdvNa2V1B4e%2FoMqfkAwGgYrwHgEu%2FWEONCl5sy4pySRGW3c63yRwRYqeDwgsUFzZ8Izcnkw%3D%3D","environmentVariables":{"FIREBASE_CONFIG":"{\"projectId\":\"staywellapp-49b62\",\"storageBucket\":\"staywellapp-49b62.firebasestorage.app\"}","GCLOUD_PROJECT":"staywellapp-49b62","EVENTARC_CLOUD_EVENT_SOURCE":"projects/staywellapp-49b62/locations/us-central1/functions/respondToTaskOffer"},"runtime":"nodejs20","buildEnvironmentVariables":{"GOOGLE_NODE_RUN_SCRIPTS":""},"dockerRegistry":"ARTIFACT_REGISTRY"},"versionId":"1","updateTime":"2025-08-22T22:52:32.290969662Z","buildId":"4db2c7a5-edf5-467f-b524-336499ba5ab5","buildName":"projects/240146050261/locations/us-central1/builds/4db2c7a5-edf5-467f-b524-336499ba5ab5"}}
